<?xml version="1.0" encoding="UTF-8"?>
<testsuite name="com.dws.challenge.ChallengeApplicationTests" tests="1" skipped="0" failures="0" errors="0" timestamp="2024-06-11T15:44:51" hostname="SHREYA" time="0.246">
  <properties/>
  <testcase name="fundTransfereAPINotification()" classname="com.dws.challenge.ChallengeApplicationTests" time="0.246"/>
  <system-out><![CDATA[21:14:47.618 [Test worker] INFO org.springframework.test.context.support.AnnotationConfigContextLoaderUtils -- Could not detect default configuration classes for test class [com.dws.challenge.ChallengeApplicationTests]: ChallengeApplicationTests does not declare any static, non-private, non-final, nested classes annotated with @Configuration.
21:14:47.869 [Test worker] INFO org.springframework.boot.test.context.SpringBootTestContextBootstrapper -- Found @SpringBootConfiguration com.dws.challenge.ChallengeApplication for test class com.dws.challenge.ChallengeApplicationTests

  .   ____          _            __ _ _
 /\\ / ___'_ __ _ _(_)_ __  __ _ \ \ \ \
( ( )\___ | '_ | '_| | '_ \/ _` | \ \ \ \
 \\/  ___)| |_)| | | | | || (_| |  ) ) ) )
  '  |____| .__|_| |_|_| |_\__, | / / / /
 =========|_|==============|___/=/_/_/_/
 :: Spring Boot ::                (v3.2.6)

2024-06-11T21:14:48.466+05:30  INFO 2240 --- [challenge] [    Test worker] c.d.challenge.ChallengeApplicationTests  : Starting ChallengeApplicationTests using Java 17.0.11 with PID 2240 (started by niles in C:\Users\niles\Downloads\challenge\challenge)
2024-06-11T21:14:48.468+05:30  INFO 2240 --- [challenge] [    Test worker] c.d.challenge.ChallengeApplicationTests  : No active profile set, falling back to 1 default profile: "default"
2024-06-11T21:14:51.610+05:30  INFO 2240 --- [challenge] [    Test worker] o.s.b.t.m.w.SpringBootMockServletContext : Initializing Spring TestDispatcherServlet ''
2024-06-11T21:14:51.611+05:30  INFO 2240 --- [challenge] [    Test worker] o.s.t.web.servlet.TestDispatcherServlet  : Initializing Servlet ''
2024-06-11T21:14:51.615+05:30  INFO 2240 --- [challenge] [    Test worker] o.s.t.web.servlet.TestDispatcherServlet  : Completed initialization in 2 ms
2024-06-11T21:14:51.663+05:30  INFO 2240 --- [challenge] [    Test worker] c.d.challenge.ChallengeApplicationTests  : Started ChallengeApplicationTests in 3.666 seconds (process running for 5.867)
]]></system-out>
  <system-err><![CDATA[]]></system-err>
</testsuite>
